<?xml version="1.0" encoding="UTF-8"?>
<!-- Generated by org.testng.reporters.JUnitXMLReporter -->
<testsuite ignored="0" hostname="DESKTOP-F968BJE" failures="0" tests="4" name="datepiker" time="23.731" errors="0" timestamp="2022-01-25T09:24:23 IST">
  <testcase classname="test.Testingbaba_datepiker_test" name="clicktill_datepiker" time="7.482"/>
  <testcase classname="test.Testingbaba_datepiker_test" name="gettitles" time="0.007"/>
  <testcase classname="test.Testingbaba_datepiker_test" name="date_select" time="0.446"/>
  <testcase classname="test.Testingbaba_datepiker_test" name="dateTimepicking" time="4.887"/>
</testsuite> <!-- datepiker -->
