<?xml version="1.0" encoding="UTF-8"?>
<!-- Generated by org.testng.reporters.JUnitXMLReporter -->
<testsuite ignored="0" hostname="DESKTOP-F968BJE" failures="0" tests="3" name="dragandrop" time="46.296" errors="0" timestamp="2022-02-17T21:58:05 IST">
  <testcase classname="test.demoqa_DragAndDrop_test" name="Title" time="0.021"/>
  <testcase classname="test.demoqa_DragAndDrop_test" name="Tilldragbalbtn" time="0.744"/>
  <testcase classname="test.demoqa_DragAndDrop_test" name="dragAndDrop" time="0.372"/>
</testsuite> <!-- dragandrop -->
