<?xml version="1.0" encoding="UTF-8"?>
<!-- Generated by org.testng.reporters.JUnitXMLReporter -->
<testsuite ignored="0" hostname="DESKTOP-F968BJE" failures="0" tests="3" name="dragandrop" time="13.755" errors="0" timestamp="2022-01-28T10:22:30 IST">
  <testcase classname="test.demoqa_DragAndDrop_test" name="Title" time="0.018"/>
  <testcase classname="test.demoqa_DragAndDrop_test" name="Tilldragbalbtn" time="0.743"/>
  <testcase classname="test.demoqa_DragAndDrop_test" name="dragAndDrop" time="0.378"/>
</testsuite> <!-- dragandrop -->
