<?xml version="1.0" encoding="UTF-8"?>
<!-- Generated by org.testng.reporters.JUnitXMLReporter -->
<testsuite ignored="0" hostname="DESKTOP-F968BJE" failures="0" tests="3" name="resizable" time="20.186" errors="0" timestamp="2022-01-25T13:43:27 IST">
  <testcase classname="test.Testingbaba_resizable_test" name="tillprectice" time="2.907"/>
  <testcase classname="test.Testingbaba_resizable_test" name="tillresizableBTN" time="0.745"/>
  <testcase classname="test.Testingbaba_resizable_test" name="resizing" time="2.716"/>
</testsuite> <!-- resizable -->
