<?xml version="1.0" encoding="UTF-8"?>
<!-- Generated by org.testng.reporters.JUnitXMLReporter -->
<testsuite ignored="0" hostname="DESKTOP-F968BJE" failures="0" tests="6" name="shortable" time="13.806" errors="0" timestamp="2022-01-25T09:24:37 IST">
  <testcase classname="test.Testingbaba_shortable_test" name="get_Title" time="0.013"/>
  <testcase classname="test.Testingbaba_shortable_test" name="clickOn_till_shortBtn" time="3.595"/>
  <testcase classname="test.Testingbaba_shortable_test" name="getData_BeforeShort" time="0.318"/>
  <testcase classname="test.Testingbaba_shortable_test" name="clickon_sortBtn" time="0.174"/>
  <testcase classname="test.Testingbaba_shortable_test" name="getData_AfterShort" time="0.278"/>
  <testcase classname="test.Testingbaba_shortable_test" name="check_veryfy" time="0.01"/>
</testsuite> <!-- shortable -->
