<?xml version="1.0" encoding="UTF-8"?>
<testng-results ignored="0" total="3" passed="3" failed="0" skipped="0">
  <reporter-output>
  </reporter-output>
  <suite started-at="2022-02-17T21:57:19 IST" name="Testingbaba" finished-at="2022-02-17T21:58:05 IST" duration-ms="46296">
    <groups>
    </groups>
    <test started-at="2022-02-17T21:57:19 IST" name="dragandrop" finished-at="2022-02-17T21:58:05 IST" duration-ms="46296">
      <class name="test.demoqa_DragAndDrop_test">
        <test-method is-config="true" signature="launchurl()[pri:0, instance:test.demoqa_DragAndDrop_test@3a44431a]" started-at="2022-02-17T21:57:19 IST" name="launchurl" finished-at="2022-02-17T21:58:03 IST" duration-ms="43775" status="PASS">
          <reporter-output>
          </reporter-output>
        </test-method> <!-- launchurl -->
        <test-method signature="Title()[pri:0, instance:test.demoqa_DragAndDrop_test@3a44431a]" started-at="2022-02-17T21:58:03 IST" name="Title" finished-at="2022-02-17T21:58:03 IST" duration-ms="21" status="PASS">
          <reporter-output>
          </reporter-output>
        </test-method> <!-- Title -->
        <test-method is-config="true" signature="getresultanalyses(org.testng.ITestResult)[pri:0, instance:test.demoqa_DragAndDrop_test@3a44431a]" started-at="2022-02-17T21:58:03 IST" name="getresultanalyses" finished-at="2022-02-17T21:58:03 IST" duration-ms="415" status="PASS">
          <params>
            <param index="0">
              <value>
                <![CDATA[[TestResult name=Title status=SUCCESS method=demoqa_DragAndDrop_test.Title()[pri:0, instance:test.demoqa_DragAndDrop_test@3a44431a] output={null}]]]>
              </value>
            </param>
          </params>
          <reporter-output>
          </reporter-output>
        </test-method> <!-- getresultanalyses -->
        <test-method signature="Tilldragbalbtn()[pri:1, instance:test.demoqa_DragAndDrop_test@3a44431a]" started-at="2022-02-17T21:58:03 IST" name="Tilldragbalbtn" finished-at="2022-02-17T21:58:04 IST" duration-ms="744" status="PASS">
          <reporter-output>
          </reporter-output>
        </test-method> <!-- Tilldragbalbtn -->
        <test-method is-config="true" signature="getresultanalyses(org.testng.ITestResult)[pri:0, instance:test.demoqa_DragAndDrop_test@3a44431a]" started-at="2022-02-17T21:58:04 IST" name="getresultanalyses" finished-at="2022-02-17T21:58:05 IST" duration-ms="547" status="PASS">
          <params>
            <param index="0">
              <value>
                <![CDATA[[TestResult name=Tilldragbalbtn status=SUCCESS method=demoqa_DragAndDrop_test.Tilldragbalbtn()[pri:1, instance:test.demoqa_DragAndDrop_test@3a44431a] output={null}]]]>
              </value>
            </param>
          </params>
          <reporter-output>
          </reporter-output>
        </test-method> <!-- getresultanalyses -->
        <test-method signature="dragAndDrop()[pri:2, instance:test.demoqa_DragAndDrop_test@3a44431a]" started-at="2022-02-17T21:58:05 IST" name="dragAndDrop" finished-at="2022-02-17T21:58:05 IST" duration-ms="372" status="PASS">
          <reporter-output>
          </reporter-output>
        </test-method> <!-- dragAndDrop -->
        <test-method is-config="true" signature="getresultanalyses(org.testng.ITestResult)[pri:0, instance:test.demoqa_DragAndDrop_test@3a44431a]" started-at="2022-02-17T21:58:05 IST" name="getresultanalyses" finished-at="2022-02-17T21:58:05 IST" duration-ms="307" status="PASS">
          <params>
            <param index="0">
              <value>
                <![CDATA[[TestResult name=dragAndDrop status=SUCCESS method=demoqa_DragAndDrop_test.dragAndDrop()[pri:2, instance:test.demoqa_DragAndDrop_test@3a44431a] output={null}]]]>
              </value>
            </param>
          </params>
          <reporter-output>
          </reporter-output>
        </test-method> <!-- getresultanalyses -->
        <test-method is-config="true" signature="teardown()[pri:0, instance:test.demoqa_DragAndDrop_test@3a44431a]" started-at="2022-02-17T21:58:05 IST" name="teardown" finished-at="2022-02-17T21:58:05 IST" duration-ms="1" status="PASS">
          <reporter-output>
          </reporter-output>
        </test-method> <!-- teardown -->
      </class> <!-- test.demoqa_DragAndDrop_test -->
    </test> <!-- dragandrop -->
  </suite> <!-- Testingbaba -->
</testng-results>
