<?xml version="1.0" encoding="UTF-8"?>
<!-- Generated by org.testng.reporters.JUnitXMLReporter -->
<testsuite ignored="0" hostname="DESKTOP-F968BJE" failures="0" tests="3" name="resizable(failed)" time="19.946" errors="0" timestamp="2022-01-27T08:16:38 IST">
  <testcase classname="test.Testingbaba_resizable_test" name="tillprectice" time="3.678"/>
  <testcase classname="test.Testingbaba_resizable_test" name="tillresizableBTN" time="0.597"/>
  <testcase classname="test.Testingbaba_resizable_test" name="resizing" time="2.611"/>
</testsuite> <!-- resizable(failed) -->
